2026-01-22 21:20:04,576 - root - INFO - ============================================================
2026-01-22 21:20:04,577 - root - INFO - 认知架构系统 - 启动初始化
2026-01-22 21:20:04,577 - root - INFO - ============================================================
2026-01-22 21:20:04,578 - root - INFO - 创建/确认目录: C:\Users\13825\cognitive_architecture\triggers
2026-01-22 21:20:04,579 - root - INFO - 创建/确认目录: C:\Users\13825\cognitive_architecture\documents
2026-01-22 21:20:04,579 - root - INFO - 创建/确认目录: C:\Users\13825\cognitive_architecture\operations
2026-01-22 21:20:04,579 - root - INFO - 创建/确认目录: C:\Users\13825\cognitive_architecture\logs
2026-01-22 21:20:04,580 - src.system.monitor - INFO - 初始化触发监控器，监控目录: C:\Users\13825\cognitive_architecture\triggers
2026-01-22 21:20:04,580 - root - INFO - 系统初始化完成
2026-01-22 21:20:04,580 - root - INFO - 启动系统组件...
2026-01-22 21:20:04,581 - src.system.monitor - INFO - 触发监控器已启动
2026-01-22 21:20:04,582 - root - INFO - 创建示例文档: C:\Users\13825\cognitive_architecture\documents\example.txt
2026-01-22 21:20:04,583 - src.system.monitor - INFO - 创建触发单元: test_unit
2026-01-22 21:20:04,584 - root - INFO - 创建示例触发单元: C:\Users\13825\cognitive_architecture\triggers\test_unit
2026-01-22 21:20:04,584 - root - INFO - 示例设置完成。要测试系统，请在触发文件中写入任意内容。
2026-01-22 21:20:04,584 - root - INFO - 系统已启动，按 Ctrl+C 停止
2026-01-22 21:20:07,932 - root - INFO - 接收到信号 2, 正在停止系统...
2026-01-22 21:20:07,932 - root - INFO - 停止系统...
2026-01-22 21:20:08,023 - src.system.monitor - INFO - 触发监控器已停止
2026-01-22 21:20:08,024 - root - INFO - 系统已停止
