2026-01-06 01:35:58,669 - __main__ - INFO - 系统初始化开始
2026-01-06 01:35:58,669 - __main__ - INFO - ============================================================
2026-01-06 01:35:58,669 - __main__ - INFO - 认知架构系统 - 简化版
2026-01-06 01:35:58,670 - __main__ - INFO - ============================================================
2026-01-06 01:35:58,670 - __main__ - INFO - 步骤1: 初始化目录管理器...
2026-01-06 01:35:58,676 - src.file_system.directory_manager - INFO - 系统目录初始化完成
2026-01-06 01:35:58,676 - __main__ - INFO - 步骤2: 初始化UID系统...
2026-01-06 01:35:58,677 - src.uid_system.query_processor - INFO - 查询处理器初始化完成
2026-01-06 01:35:58,677 - __main__ - INFO - 步骤3: 初始化指令系统...
2026-01-06 01:35:58,678 - src.instruction_system.cursor_manager - INFO - 创建光标: CURSOR_1767634558677_1_8847 (位置: 0, 名称: main)
2026-01-06 01:35:58,678 - src.instruction_system.executor - INFO - 指令执行器初始化完成
2026-01-06 01:35:58,678 - __main__ - INFO - 步骤4: 初始化文件监视器...
2026-01-06 01:35:58,678 - __main__ - INFO - 步骤5: 初始化自动清理器...
2026-01-06 01:35:58,679 - __main__ - INFO - 系统初始化完成!
2026-01-06 01:35:58,679 - __main__ - INFO - 启动系统组件...
2026-01-06 01:35:58,679 - src.file_system.file_watcher - INFO - 文件监视器已启动: system_root\uid_system\inbox
2026-01-06 01:35:58,679 - __main__ - INFO - 已启动 uid_system 文件监视器
2026-01-06 01:35:58,680 - src.file_system.file_watcher - INFO - 文件监视器已启动: system_root\instruction_system\inbox
2026-01-06 01:35:58,680 - __main__ - INFO - 已启动 instruction_system 文件监视器
2026-01-06 01:35:58,680 - src.file_system.cleaner - INFO - 自动清理器已启动
2026-01-06 01:35:58,680 - __main__ - INFO - 已启动自动清理器
2026-01-06 01:35:58,681 - __main__ - INFO - 示例文档已创建: ./system_root\documents\default\example.txt
2026-01-06 01:35:58,682 - __main__ - INFO - 已创建 3 个示例查询任务
2026-01-06 01:35:58,683 - src.instruction_system.cursor_manager - INFO - 创建光标: CURSOR_1767634558683_2_8659 (位置: 50, 名称: secondary)
2026-01-06 01:35:58,685 - __main__ - INFO - 已创建 4 个示例指令
2026-01-06 01:35:58,686 - __main__ - INFO - ========================================
2026-01-06 01:35:58,686 - __main__ - INFO - 系统状态报告
2026-01-06 01:35:58,686 - __main__ - INFO - ========================================
2026-01-06 01:35:58,686 - __main__ - INFO - 光标: 2 个
2026-01-06 01:35:58,686 - __main__ - INFO - UID注册表: 4 个UID
2026-01-06 01:35:58,686 - __main__ - INFO - ----------------------------------------
2026-01-06 01:35:58,686 - __main__ - INFO - 系统已启动，按 Ctrl+C 停止
2026-01-06 01:35:58,686 - __main__ - INFO - ------------------------------------------------------------
2026-01-06 01:35:58,686 - __main__ - INFO - 使用说明:
2026-01-06 01:35:58,686 - __main__ - INFO -   1. 将查询任务文件放入 system_root/uid_system/inbox/
2026-01-06 01:35:58,686 - __main__ - INFO -   2. 将指令文件放入 system_root/instruction_system/inbox/
2026-01-06 01:35:58,686 - __main__ - INFO -   3. 查看结果在对应的outbox目录中
2026-01-06 01:35:58,686 - __main__ - INFO - ------------------------------------------------------------
2026-01-06 01:35:59,695 - src.file_system.file_watcher - INFO - 处理文件: query_find_char_alpha.uid
2026-01-06 01:35:59,695 - src.file_system.file_watcher - INFO - 处理文件: cmd_create_cursor.uid
2026-01-06 01:35:59,696 - __main__ - INFO - 处理UID查询文件: query_find_char_alpha.uid
2026-01-06 01:35:59,696 - __main__ - INFO - 处理指令文件: cmd_create_cursor.uid
2026-01-06 01:35:59,696 - src.uid_system.query_processor - INFO - 处理查询: FIND_CHAR UID_ALPHA
2026-01-06 01:35:59,697 - src.instruction_system.executor - INFO - 执行指令: CREATE_CURSOR ['100']
2026-01-06 01:35:59,698 - src.uid_system.query_processor - INFO - 查询结果已保存: ./system_root\uid_system\outbox\result_RESULT_1767634559697_3_6762.uid
2026-01-06 01:35:59,698 - src.instruction_system.cursor_manager - INFO - 创建光标: CURSOR_1767634559697_4_2608 (位置: 100, 名称: cursor_CURSOR_1)
2026-01-06 01:35:59,698 - __main__ - INFO - 查询处理完成，结果保存到: result_RESULT_1767634559697_3_6762.uid
2026-01-06 01:35:59,699 - __main__ - INFO - 指令执行成功: 光标已创建: CURSOR_1767634559697_4_2608
2026-01-06 01:35:59,702 - src.file_system.file_watcher - INFO - 处理文件: cmd_find_char.uid
2026-01-06 01:35:59,702 - __main__ - INFO - 处理指令文件: cmd_find_char.uid
2026-01-06 01:35:59,702 - src.instruction_system.executor - INFO - 执行指令: FIND_CHAR ['UID_ALPHA']
2026-01-06 01:35:59,702 - src.uid_system.query_processor - INFO - 处理查询: FIND_CHAR UID_ALPHA
2026-01-06 01:35:59,703 - src.uid_system.query_processor - INFO - 查询结果已保存: ./system_root\uid_system\outbox\result_RESULT_1767634559702_6_1472.uid
2026-01-06 01:35:59,704 - __main__ - INFO - 指令执行成功: 查询完成，结果在: ./system_root\uid_system\outbox\result_RESULT_1767634559702_6_1472.uid
2026-01-06 01:35:59,711 - src.file_system.file_watcher - INFO - 处理文件: query_find_char_nonexist.uid
2026-01-06 01:35:59,711 - __main__ - INFO - 处理UID查询文件: query_find_char_nonexist.uid
2026-01-06 01:35:59,712 - src.uid_system.query_processor - INFO - 处理查询: FIND_CHAR UID_NOT_EXIST
2026-01-06 01:35:59,713 - src.uid_system.query_processor - INFO - 查询结果已保存: ./system_root\uid_system\outbox\result_RESULT_1767634559712_8_1265.uid
2026-01-06 01:35:59,714 - __main__ - INFO - 查询处理完成，结果保存到: result_RESULT_1767634559712_8_1265.uid
2026-01-06 01:35:59,714 - src.file_system.file_watcher - INFO - 处理文件: cmd_find_uid.uid
2026-01-06 01:35:59,715 - __main__ - INFO - 处理指令文件: cmd_find_uid.uid
2026-01-06 01:35:59,715 - src.instruction_system.executor - INFO - 执行指令: FIND_UID ['"苹果"']
2026-01-06 01:35:59,715 - src.file_system.file_watcher - INFO - 处理文件: query_find_uid_apple.uid
2026-01-06 01:35:59,715 - src.uid_system.query_processor - INFO - 处理查询: FIND_UID 苹果
2026-01-06 01:35:59,715 - __main__ - INFO - 处理UID查询文件: query_find_uid_apple.uid
2026-01-06 01:35:59,716 - src.uid_system.query_processor - INFO - 处理查询: FIND_UID 苹果
2026-01-06 01:35:59,716 - src.uid_system.query_processor - INFO - 查询结果已保存: ./system_root\uid_system\outbox\result_RESULT_1767634559716_9_6176.uid
2026-01-06 01:35:59,717 - src.uid_system.query_processor - INFO - 查询结果已保存: ./system_root\uid_system\outbox\result_RESULT_1767634559716_10_7651.uid
2026-01-06 01:35:59,717 - __main__ - INFO - 查询处理完成，结果保存到: result_RESULT_1767634559716_10_7651.uid
2026-01-06 01:35:59,718 - __main__ - INFO - 指令执行成功: 查询完成，结果在: ./system_root\uid_system\outbox\result_RESULT_1767634559716_9_6176.uid
2026-01-06 01:35:59,729 - src.file_system.file_watcher - INFO - 处理文件: cmd_move_right.uid
2026-01-06 01:35:59,729 - __main__ - INFO - 处理指令文件: cmd_move_right.uid
2026-01-06 01:35:59,729 - src.instruction_system.executor - INFO - 执行指令: MOVE_CURSOR ['CURSOR_1767634558677_1_8847', 'RIGHT', '10']
2026-01-06 01:35:59,730 - __main__ - INFO - 指令执行成功: 光标 CURSOR_1767634558677_1_8847 已移动
2026-01-06 01:36:00,687 - __main__ - INFO - 状态 - 光标: 3, UID: 4
2026-01-06 01:37:00,717 - __main__ - INFO - 状态 - 光标: 3, UID: 4
2026-01-06 01:38:00,749 - __main__ - INFO - 状态 - 光标: 3, UID: 4
2026-01-06 01:39:00,780 - __main__ - INFO - 状态 - 光标: 3, UID: 4
2026-01-06 01:40:00,811 - __main__ - INFO - 状态 - 光标: 3, UID: 4
2026-01-06 01:41:00,849 - __main__ - INFO - 状态 - 光标: 3, UID: 4
2026-01-06 01:42:00,885 - __main__ - INFO - 状态 - 光标: 3, UID: 4
2026-01-06 01:43:00,921 - __main__ - INFO - 状态 - 光标: 3, UID: 4
2026-01-06 01:44:00,950 - __main__ - INFO - 状态 - 光标: 3, UID: 4
2026-01-06 01:45:00,983 - __main__ - INFO - 状态 - 光标: 3, UID: 4
